[2026-03-15T19:35:10.911Z] 
=== GENERACIÓN DE PLAN (Algoritmo Secuencial Simple) ===
[2026-03-15T19:35:10.912Z] Rango: 2026-03-15 a 2026-03-21
[2026-03-15T19:35:12.692Z] 
>>> Día 2026-03-15 (día normal)
[2026-03-15T19:35:12.933Z]   Generación automática (rellenando huecos)...
[2026-03-15T19:35:12.935Z]     Cabaña 9: Cambio EMERGENCIA (llegada a sucia)
[2026-03-15T19:35:12.937Z]   Esfuerzo: 1.0, rellenando con Inventarios hasta 3.0...
[2026-03-15T19:35:12.938Z]     Cabaña 2: Inventario - Esfuerzo: 1.3
[2026-03-15T19:35:12.938Z]     Cabaña 10: Inventario - Esfuerzo: 1.6
[2026-03-15T19:35:12.939Z]     Cabaña 8: Inventario - Esfuerzo: 1.9
[2026-03-15T19:35:12.939Z]     Cabaña 3: Inventario - Esfuerzo: 2.2
[2026-03-15T19:35:12.940Z]     Cabaña 1: Inventario - Esfuerzo: 2.5
[2026-03-15T19:35:12.940Z]     Cabaña 7: Inventario - Esfuerzo: 2.8
[2026-03-15T19:35:13.072Z]   Persisting generated plan to DB (7 tasks)...
[2026-03-15T19:35:13.472Z]   Plan persisted successfully.
[2026-03-15T19:35:13.473Z] 
>>> Día 2026-03-16 (LUNES)
[2026-03-15T19:35:13.590Z]   Generación automática (rellenando huecos)...
[2026-03-15T19:35:13.593Z]   Persisting generated plan to DB (0 tasks)...
[2026-03-15T19:35:14.016Z]   Plan persisted successfully.
[2026-03-15T19:35:14.016Z] 
>>> Día 2026-03-17 (día normal)
[2026-03-15T19:35:14.287Z]   Generación automática (rellenando huecos)...
[2026-03-15T19:35:14.290Z]     Cabaña 9: Mantención (Relleno Ocupada) - peso 1
[2026-03-15T19:35:14.291Z]   Esfuerzo: 1.0, rellenando con Inventarios hasta 3.0...
[2026-03-15T19:35:14.291Z]     Cabaña 2: Inventario - Esfuerzo: 1.3
[2026-03-15T19:35:14.291Z]     Cabaña 10: Inventario - Esfuerzo: 1.6
[2026-03-15T19:35:14.292Z]     Cabaña 8: Inventario - Esfuerzo: 1.9
[2026-03-15T19:35:14.292Z]     Cabaña 3: Inventario - Esfuerzo: 2.2
[2026-03-15T19:35:14.293Z]     Cabaña 1: Inventario - Esfuerzo: 2.5
[2026-03-15T19:35:14.293Z]     Cabaña 7: Inventario - Esfuerzo: 2.8
[2026-03-15T19:35:14.295Z]   Persisting generated plan to DB (7 tasks)...
[2026-03-15T19:35:14.600Z]   Plan persisted successfully.
[2026-03-15T19:35:14.600Z] 
>>> Día 2026-03-18 (día normal)
[2026-03-15T19:35:14.723Z]   Generación automática (rellenando huecos)...
[2026-03-15T19:35:14.725Z]     Cabaña 9: Mantención (Relleno Ocupada) - peso 1
[2026-03-15T19:35:14.726Z]   Esfuerzo: 1.0, rellenando con Inventarios hasta 3.0...
[2026-03-15T19:35:14.726Z]     Cabaña 2: Inventario - Esfuerzo: 1.3
[2026-03-15T19:35:14.727Z]     Cabaña 10: Inventario - Esfuerzo: 1.6
[2026-03-15T19:35:14.727Z]     Cabaña 8: Inventario - Esfuerzo: 1.9
[2026-03-15T19:35:14.727Z]     Cabaña 3: Inventario - Esfuerzo: 2.2
[2026-03-15T19:35:14.728Z]     Cabaña 1: Inventario - Esfuerzo: 2.5
[2026-03-15T19:35:14.729Z]     Cabaña 7: Inventario - Esfuerzo: 2.8
[2026-03-15T19:35:14.731Z]   Persisting generated plan to DB (7 tasks)...
[2026-03-15T19:35:14.953Z]   Plan persisted successfully.
[2026-03-15T19:35:14.954Z] 
>>> Día 2026-03-19 (día normal)
[2026-03-15T19:35:15.089Z]   Generación automática (rellenando huecos)...
[2026-03-15T19:35:15.091Z]     Cabaña 9: Salida (Generada Automáticamente)
[2026-03-15T19:35:15.092Z]   Esfuerzo: 1.0, rellenando con Inventarios hasta 3.0...
[2026-03-15T19:35:15.093Z]     Cabaña 2: Inventario - Esfuerzo: 1.3
[2026-03-15T19:35:15.093Z]     Cabaña 10: Inventario - Esfuerzo: 1.6
[2026-03-15T19:35:15.094Z]     Cabaña 8: Inventario - Esfuerzo: 1.9
[2026-03-15T19:35:15.094Z]     Cabaña 3: Inventario - Esfuerzo: 2.2
[2026-03-15T19:35:15.094Z]     Cabaña 1: Inventario - Esfuerzo: 2.5
[2026-03-15T19:35:15.095Z]     Cabaña 7: Inventario - Esfuerzo: 2.8
[2026-03-15T19:35:15.097Z]   Persisting generated plan to DB (7 tasks)...
[2026-03-15T19:35:15.332Z]   Plan persisted successfully.
[2026-03-15T19:35:15.333Z] 
>>> Día 2026-03-20 (día normal)
[2026-03-15T19:35:15.463Z]   Generación automática (rellenando huecos)...
[2026-03-15T19:35:15.465Z]     Cabaña 2: Cambio EMERGENCIA (llegada a sucia)
[2026-03-15T19:35:15.470Z]     Cabaña 9: Limpieza Profunda - Esfuerzo: 2.0
[2026-03-15T19:35:15.472Z]   Esfuerzo: 2.0, rellenando con Inventarios hasta 3.0...
[2026-03-15T19:35:15.472Z]     Cabaña 10: Inventario - Esfuerzo: 2.3
[2026-03-15T19:35:15.473Z]     Cabaña 8: Inventario - Esfuerzo: 2.6
[2026-03-15T19:35:15.474Z]     Cabaña 3: Inventario - Esfuerzo: 2.9
[2026-03-15T19:35:15.474Z]   Límite alcanzado (2.9 + 0.3 > 3.0). Deteniendo relleno.
[2026-03-15T19:35:15.478Z]   Persisting generated plan to DB (5 tasks)...
[2026-03-15T19:35:15.812Z]   Plan persisted successfully.
[2026-03-15T19:35:15.813Z] 
>>> Día 2026-03-21 (día normal)
[2026-03-15T19:35:15.937Z]   Generación automática (rellenando huecos)...
[2026-03-15T19:35:15.941Z]     Cabaña 2: Mantención (Relleno Ocupada) - peso 1
[2026-03-15T19:35:15.941Z]   Esfuerzo: 1.0, rellenando con Inventarios hasta 3.0...
[2026-03-15T19:35:15.942Z]     Cabaña 10: Inventario - Esfuerzo: 1.3
[2026-03-15T19:35:15.942Z]     Cabaña 8: Inventario - Esfuerzo: 1.6
[2026-03-15T19:35:15.942Z]     Cabaña 9: Inventario - Esfuerzo: 1.9
[2026-03-15T19:35:15.943Z]     Cabaña 3: Inventario - Esfuerzo: 2.2
[2026-03-15T19:35:15.943Z]     Cabaña 1: Inventario - Esfuerzo: 2.5
[2026-03-15T19:35:15.944Z]     Cabaña 7: Inventario - Esfuerzo: 2.8
[2026-03-15T19:35:15.946Z]   Persisting generated plan to DB (7 tasks)...
[2026-03-15T19:35:16.172Z]   Plan persisted successfully.
[2026-03-15T19:35:16.173Z] 
=== TOTALES FINALES ===
[2026-03-15T19:35:16.173Z] Total Tareas: 40
[2026-03-15T19:35:16.174Z] Total Llegadas: 0
[2026-03-15T19:35:16.175Z] Total Cambios: 2
[2026-03-15T19:35:16.175Z] Total Salidas: 1
[2026-03-15T19:35:16.176Z] Días Críticos: 0
[2026-03-15T19:35:16.176Z] 
=== FIN GENERACIÓN ===

